Arguments: 
  D:\software\Nodejs\node.exe D:\software\Yarn\bin\yarn.js add app2.css

PATH: 
  D:\software\cmder\vendor\git-for-windows\mingw64\bin;D:\software\cmder\vendor\git-for-windows\usr\bin;C:\Users\xiao\bin;C:\Program Files (x86)\Common Files\Oracle\Java\javapath;C:\Windows\system32;C:\Windows;C:\Windows\System32\Wbem;C:\Windows\System32\WindowsPowerShell\v1.0;C:\Windows\System32\OpenSSH;D:\program\jdk8\bin;D:\software\Nodejs;D:\software\Yarn\bin;C:\Users\xiao\AppData\Local\Microsoft\WindowsApps;D:\Microsoft VS Code\bin;C:\Users\xiao\AppData\Roaming\npm;C:\Users\xiao\AppData\Local\Yarn\bin;D:\software\WebStorm 2021.2.2\bin

Yarn version: 
  1.22.5

Node version: 
  14.17.6

Platform: 
  win32 x64

Trace: 
  Error: https://registry.npm.taobao.org/app2.css: Not found
      at Request.params.callback [as _callback] (D:\software\Yarn\lib\cli.js:66097:18)
      at Request.self.callback (D:\software\Yarn\lib\cli.js:140749:22)
      at Request.emit (events.js:400:28)
      at Request.<anonymous> (D:\software\Yarn\lib\cli.js:141721:10)
      at Request.emit (events.js:400:28)
      at IncomingMessage.<anonymous> (D:\software\Yarn\lib\cli.js:141643:12)
      at Object.onceWrapper (events.js:519:28)
      at IncomingMessage.emit (events.js:412:35)
      at endReadableNT (internal/streams/readable.js:1317:12)
      at processTicksAndRejections (internal/process/task_queues.js:82:21)

npm manifest: 
  {
    "name": "MVC-demo",
    "version": "1.0.0",
    "main": "index.js",
    "license": "MIT",
    "dependencies": {
      "jquery": "^3.6.0"
    }
  }

yarn manifest: 
  No manifest

Lockfile: 
  # THIS IS AN AUTOGENERATED FILE. DO NOT EDIT THIS FILE DIRECTLY.
  # yarn lockfile v1
  
  
  jquery@^3.6.0:
    version "3.6.0"
    resolved "https://registry.npm.taobao.org/jquery/download/jquery-3.6.0.tgz#c72a09f15c1bdce142f49dbf1170bdf8adac2470"
    integrity sha1-xyoJ8Vwb3OFC9J2/EXC9+K2sJHA=
